# JRE version: OpenJDK Runtime Environment (11.0.10) (build 11.0.10+0-b96-7249189)
# Java VM: OpenJDK 64-Bit Server VM (11.0.10+0-b96-7249189, mixed mode, tiered, compressed oops, g1 gc, windows-amd64)
Heap:
 garbage-first heap   total 129024K, used 62318K [0x0000000080000000, 0x0000000100000000)
  region size 1024K, 41 young (41984K), 5 survivors (5120K)
 Metaspace       used 38052K, capacity 38966K, committed 39040K, reserved 1083392K
  class space    used 4844K, capacity 5175K, committed 5248K, reserved 1048576K
GC Heap History (12 events):
Event: 1.232 GC heap before
{Heap before GC invocations=0 (full 0):
 garbage-first heap   total 129024K, used 29696K [0x0000000080000000, 0x0000000100000000)
  region size 1024K, 24 young (24576K), 0 survivors (0K)
 Metaspace       used 10193K, capacity 10361K, committed 10624K, reserved 1058816K
  class space    used 1064K, capacity 1139K, committed 1152K, reserved 1048576K
}
Event: 1.238 GC heap after
{Heap after GC invocations=1 (full 0):
 garbage-first heap   total 129024K, used 9046K [0x0000000080000000, 0x0000000100000000)
  region size 1024K, 3 young (3072K), 3 survivors (3072K)
 Metaspace       used 10193K, capacity 10361K, committed 10624K, reserved 1058816K
  class space    used 1064K, capacity 1139K, committed 1152K, reserved 1048576K
}
Event: 4.560 GC heap before
{Heap before GC invocations=1 (full 0):
 garbage-first heap   total 129024K, used 82774K [0x0000000080000000, 0x0000000100000000)
  region size 1024K, 75 young (76800K), 3 survivors (3072K)
 Metaspace       used 17744K, capacity 18160K, committed 18432K, reserved 1064960K
  class space    used 2093K, capacity 2238K, committed 2304K, reserved 1048576K
}
Event: 4.566 GC heap after
{Heap after GC invocations=2 (full 0):
 garbage-first heap   total 129024K, used 16195K [0x0000000080000000, 0x0000000100000000)
  region size 1024K, 10 young (10240K), 10 survivors (10240K)
 Metaspace       used 17744K, capacity 18160K, committed 18432K, reserved 1064960K
  class space    used 2093K, capacity 2238K, committed 2304K, reserved 1048576K
}
Event: 4.813 GC heap before
{Heap before GC invocations=2 (full 0):
 garbage-first heap   total 129024K, used 37699K [0x0000000080000000, 0x0000000100000000)
  region size 1024K, 32 young (32768K), 10 survivors (10240K)
 Metaspace       used 20583K, capacity 21096K, committed 21248K, reserved 1067008K
  class space    used 2509K, capacity 2690K, committed 2816K, reserved 1048576K
}
Event: 4.819 GC heap after
{Heap after GC invocations=3 (full 0):
 garbage-first heap   total 129024K, used 17026K [0x0000000080000000, 0x0000000100000000)
  region size 1024K, 1 young (1024K), 1 survivors (1024K)
 Metaspace       used 20583K, capacity 21096K, committed 21248K, reserved 1067008K
  class space    used 2509K, capacity 2690K, committed 2816K, reserved 1048576K
}
Event: 5.369 GC heap before
{Heap before GC invocations=4 (full 0):
 garbage-first heap   total 129024K, used 66178K [0x0000000080000000, 0x0000000100000000)
  region size 1024K, 49 young (50176K), 1 survivors (1024K)
 Metaspace       used 25599K, capacity 26140K, committed 26368K, reserved 1073152K
  class space    used 3346K, capacity 3568K, committed 3584K, reserved 1048576K
}
Event: 5.372 GC heap after
{Heap after GC invocations=5 (full 0):
 garbage-first heap   total 129024K, used 18616K [0x0000000080000000, 0x0000000100000000)
  region size 1024K, 3 young (3072K), 3 survivors (3072K)
 Metaspace       used 25599K, capacity 26140K, committed 26368K, reserved 1073152K
  class space    used 3346K, capacity 3568K, committed 3584K, reserved 1048576K
}
Event: 10.511 GC heap before
{Heap before GC invocations=5 (full 0):
 garbage-first heap   total 129024K, used 72888K [0x0000000080000000, 0x0000000100000000)
  region size 1024K, 56 young (57344K), 3 survivors (3072K)
 Metaspace       used 32193K, capacity 32946K, committed 33152K, reserved 1077248K
  class space    used 4210K, capacity 4475K, committed 4480K, reserved 1048576K
}
Event: 10.516 GC heap after
{Heap after GC invocations=6 (full 0):
 garbage-first heap   total 129024K, used 20923K [0x0000000080000000, 0x0000000100000000)
  region size 1024K, 5 young (5120K), 5 survivors (5120K)
 Metaspace       used 32193K, capacity 32946K, committed 33152K, reserved 1077248K
  class space    used 4210K, capacity 4475K, committed 4480K, reserved 1048576K
}
Event: 17.135 GC heap before
{Heap before GC invocations=6 (full 0):
 garbage-first heap   total 129024K, used 29115K [0x0000000080000000, 0x0000000100000000)
  region size 1024K, 14 young (14336K), 5 survivors (5120K)
 Metaspace       used 35006K, capacity 35834K, committed 35840K, reserved 1081344K
  class space    used 4541K, capacity 4864K, committed 4864K, reserved 1048576K
}
Event: 17.238 GC heap after
{Heap after GC invocations=7 (full 0):
 garbage-first heap   total 129024K, used 23406K [0x0000000080000000, 0x0000000100000000)
  region size 1024K, 5 young (5120K), 5 survivors (5120K)
 Metaspace       used 35006K, capacity 35834K, committed 35840K, reserved 1081344K
  class space    used 4541K, capacity 4864K, committed 4864K, reserved 1048576K
}

